  Engine.cpp
C:\Users\cesar\source\repos\CISP400_SFML_Notes\Chapter18\code\Engine.cpp(8,44): warning C4244: '=': conversion from 'unsigned int' to 'T', possible loss of data
          with
          [
              T=float
          ]
C:\Users\cesar\source\repos\CISP400_SFML_Notes\Chapter18\code\Engine.cpp(9,44): warning C4244: '=': conversion from 'unsigned int' to 'T', possible loss of data
          with
          [
              T=float
          ]
C:\Users\cesar\source\repos\CISP400_SFML_Notes\Chapter18\code\Engine.cpp(11,52): warning C4244: 'argument': conversion from 'T' to 'unsigned int', possible loss of data
          with
          [
              T=float
          ]
C:\Users\cesar\source\repos\CISP400_SFML_Notes\Chapter18\code\Engine.cpp(11,38): warning C4244: 'argument': conversion from 'T' to 'unsigned int', possible loss of data
          with
          [
              T=float
          ]
  thomGame.vcxproj -> C:\Users\cesar\source\repos\CISP400_SFML_Notes\Chapter18\x64\Debug\thomGame.exe
